{
  "stats": {
    "suites": 1,
    "tests": 2,
    "passes": 1,
    "pending": 1,
    "failures": 0,
    "start": "2021-03-21T23:26:17.862Z",
    "end": "2021-03-21T23:26:33.134Z",
    "duration": 15272,
    "testsRegistered": 2,
    "passPercent": 100,
    "pendingPercent": 50,
    "other": 0,
    "hasOther": false,
    "skipped": 0,
    "hasSkipped": false
  },
  "results": [
    {
      "uuid": "4d775f74-0211-4ece-b2b0-84e568aefc69",
      "title": "",
      "fullFile": "cypress\\integration\\BDD\\ecommerce.feature",
      "file": "cypress\\integration\\BDD\\ecommerce.feature",
      "beforeHooks": [],
      "afterHooks": [],
      "tests": [],
      "suites": [
        {
          "uuid": "0b85cd52-2f6e-4070-8a63-4700e3f41d25",
          "title": "End to end Ecommerce validation",
          "fullFile": "",
          "file": "",
          "beforeHooks": [],
          "afterHooks": [],
          "tests": [
            {
              "title": "add items to the shopping car",
              "fullTitle": "End to end Ecommerce validation add items to the shopping car",
              "timedOut": null,
              "duration": 115,
              "state": "pending",
              "speed": null,
              "pass": false,
              "fail": false,
              "pending": false,
              "context": null,
              "code": "// register this scenario with the cucumber data collector\n// but don't run it\n// Tell mocha this is a skipped test so it also shows correctly in Cypress\nconst state = window.testState;\ncy.then(() => state.onStartScenario(scenario, indexedSteps))\n  .then(() => state.onFinishScenario(scenario))\n  // eslint-disable-next-line func-names\n  .then(function () {\n    return this.skip();\n  });",
              "err": {
                "message": "CypressError: sync skip; aborting execution",
                "estack": "[object Object]\nFrom Your Spec Code:\n    at Context.eval (http://localhost:56919/__cypress/tests?p=cypress\\integration\\BDD\\ecommerce.feature:11836:10)\nFrom Your Spec Code:\n    at Context.eval (http://localhost:56919/__cypress/tests?p=cypress\\integration\\BDD\\ecommerce.feature:11836:10)",
                "diff": null
              },
              "uuid": "1e0bd991-23d6-4c45-9f48-dabbcb795917",
              "parentUUID": "0b85cd52-2f6e-4070-8a63-4700e3f41d25",
              "isHook": false,
              "skipped": true
            },
            {
              "title": "fill form",
              "fullTitle": "End to end Ecommerce validation fill form",
              "timedOut": null,
              "duration": 6806,
              "state": "passed",
              "speed": "slow",
              "pass": true,
              "fail": false,
              "pending": false,
              "context": null,
              "code": "const state = window.testState;\nreturn cy\n  .then(() => state.onStartScenario(scenario, indexedSteps))\n  .then(() =>\n    resolveAndRunBeforeHooks.call(this, scenario.tags, state.feature.name)\n  )\n  .then(() =>\n    indexedSteps.forEach((step) =>\n      stepTest.call(this, state, step, rowData)\n    )\n  )\n  .then(() =>\n    resolveAndRunAfterHooks.call(this, scenario.tags, state.feature.name)\n  )\n  .then(() => state.onFinishScenario(scenario));",
              "err": {},
              "uuid": "8f7df80b-5fb7-419b-8112-223f71c0d973",
              "parentUUID": "0b85cd52-2f6e-4070-8a63-4700e3f41d25",
              "isHook": false,
              "skipped": false
            }
          ],
          "suites": [],
          "passes": [
            "8f7df80b-5fb7-419b-8112-223f71c0d973"
          ],
          "failures": [],
          "pending": [],
          "skipped": [
            "1e0bd991-23d6-4c45-9f48-dabbcb795917"
          ],
          "duration": 6921,
          "root": false,
          "rootEmpty": false,
          "_timeout": 2000
        }
      ],
      "passes": [],
      "failures": [],
      "pending": [],
      "skipped": [],
      "duration": 0,
      "root": true,
      "rootEmpty": true,
      "_timeout": 2000
    }
  ],
  "meta": {
    "mocha": {
      "version": "7.0.1"
    },
    "mochawesome": {
      "options": {
        "quiet": false,
        "reportFilename": "mochawesome",
        "saveHtml": true,
        "saveJson": true,
        "consoleReporter": "spec",
        "useInlineDiffs": false,
        "code": true
      },
      "version": "6.2.2"
    },
    "marge": {
      "options": null,
      "version": "5.2.0"
    }
  }
}