{
  "stats": {
    "suites": 1,
    "tests": 1,
    "passes": 1,
    "pending": 0,
    "failures": 0,
    "start": "2021-03-06T22:28:43.580Z",
    "end": "2021-03-06T22:29:03.408Z",
    "duration": 19828,
    "testsRegistered": 1,
    "passPercent": 100,
    "pendingPercent": 0,
    "other": 0,
    "hasOther": false,
    "skipped": 0,
    "hasSkipped": false
  },
  "results": [
    {
      "uuid": "e9923003-2668-49b9-b8c1-42a534e2367e",
      "title": "",
      "fullFile": "cypress\\integration\\web_elements\\use-of-visible-noVisible-elements.js",
      "file": "cypress\\integration\\web_elements\\use-of-visible-noVisible-elements.js",
      "beforeHooks": [],
      "afterHooks": [],
      "tests": [],
      "suites": [
        {
          "uuid": "a9c12820-f92f-4d32-b07f-f0001903f150",
          "title": "Visible/noVisible elements",
          "fullFile": "",
          "file": "",
          "beforeHooks": [],
          "afterHooks": [],
          "tests": [
            {
              "title": "validate used static dropdow",
              "fullTitle": "Visible/noVisible elements validate used static dropdow",
              "timedOut": null,
              "duration": 14963,
              "state": "passed",
              "speed": "slow",
              "pass": true,
              "fail": false,
              "pending": false,
              "context": null,
              "code": "cy.visit('https://rahulshettyacademy.com/AutomationPractice/');\ncy.get(\"#alertbtn\").click;\ncy.get('#hide-textbox').click();\ncy.get(\"#displayed-text\").should('not.be.visible');\ncy.get('#show-textbox').click();\ncy.get(\"#displayed-text\").should('be.visible');",
              "err": {},
              "uuid": "89e195de-4987-4bd9-b2c1-c4e073faeeea",
              "parentUUID": "a9c12820-f92f-4d32-b07f-f0001903f150",
              "isHook": false,
              "skipped": false
            }
          ],
          "suites": [],
          "passes": [
            "89e195de-4987-4bd9-b2c1-c4e073faeeea"
          ],
          "failures": [],
          "pending": [],
          "skipped": [],
          "duration": 14963,
          "root": false,
          "rootEmpty": false,
          "_timeout": 2000
        }
      ],
      "passes": [],
      "failures": [],
      "pending": [],
      "skipped": [],
      "duration": 0,
      "root": true,
      "rootEmpty": true,
      "_timeout": 2000
    }
  ],
  "meta": {
    "mocha": {
      "version": "7.0.1"
    },
    "mochawesome": {
      "options": {
        "quiet": false,
        "reportFilename": "mochawesome",
        "saveHtml": true,
        "saveJson": true,
        "consoleReporter": "spec",
        "useInlineDiffs": false,
        "code": true
      },
      "version": "6.2.2"
    },
    "marge": {
      "options": null,
      "version": "5.2.0"
    }
  }
}